{"/Users/tobiasbarthold/IdeaProjects/Lowelo Corporation/ts-util/util/tree.ts": {"path":"/Users/tobiasbarthold/IdeaProjects/Lowelo Corporation/ts-util/util/tree.ts","all":false,"statementMap":{"0":{"start":{"line":1,"column":0},"end":{"line":1,"column":22}},"1":{"start":{"line":2,"column":0},"end":{"line":2,"column":17}},"2":{"start":{"line":3,"column":0},"end":{"line":3,"column":21}},"3":{"start":{"line":4,"column":0},"end":{"line":4,"column":29}},"4":{"start":{"line":5,"column":0},"end":{"line":5,"column":0}},"5":{"start":{"line":6,"column":0},"end":{"line":6,"column":61}},"6":{"start":{"line":7,"column":0},"end":{"line":7,"column":48}},"7":{"start":{"line":8,"column":0},"end":{"line":8,"column":5}},"8":{"start":{"line":9,"column":0},"end":{"line":9,"column":0}},"9":{"start":{"line":10,"column":0},"end":{"line":10,"column":70}},"10":{"start":{"line":11,"column":0},"end":{"line":11,"column":51}},"11":{"start":{"line":12,"column":0},"end":{"line":12,"column":5}},"12":{"start":{"line":13,"column":0},"end":{"line":13,"column":0}},"13":{"start":{"line":14,"column":0},"end":{"line":14,"column":63}},"14":{"start":{"line":15,"column":0},"end":{"line":15,"column":48}},"15":{"start":{"line":16,"column":0},"end":{"line":16,"column":5}},"16":{"start":{"line":17,"column":0},"end":{"line":17,"column":0}},"17":{"start":{"line":18,"column":0},"end":{"line":18,"column":71}},"18":{"start":{"line":19,"column":0},"end":{"line":19,"column":54}},"19":{"start":{"line":20,"column":0},"end":{"line":20,"column":48}},"20":{"start":{"line":21,"column":0},"end":{"line":21,"column":0}},"21":{"start":{"line":22,"column":0},"end":{"line":22,"column":47}},"22":{"start":{"line":23,"column":0},"end":{"line":23,"column":5}},"23":{"start":{"line":24,"column":0},"end":{"line":24,"column":0}},"24":{"start":{"line":25,"column":0},"end":{"line":25,"column":57}},"25":{"start":{"line":26,"column":0},"end":{"line":26,"column":51}},"26":{"start":{"line":27,"column":0},"end":{"line":27,"column":44}},"27":{"start":{"line":28,"column":0},"end":{"line":28,"column":0}},"28":{"start":{"line":29,"column":0},"end":{"line":29,"column":41}},"29":{"start":{"line":30,"column":0},"end":{"line":30,"column":54}},"30":{"start":{"line":31,"column":0},"end":{"line":31,"column":60}},"31":{"start":{"line":32,"column":0},"end":{"line":32,"column":0}},"32":{"start":{"line":33,"column":0},"end":{"line":33,"column":64}},"33":{"start":{"line":34,"column":0},"end":{"line":34,"column":0}},"34":{"start":{"line":35,"column":0},"end":{"line":35,"column":48}},"35":{"start":{"line":36,"column":0},"end":{"line":36,"column":51}},"36":{"start":{"line":37,"column":0},"end":{"line":37,"column":13}},"37":{"start":{"line":38,"column":0},"end":{"line":38,"column":9}},"38":{"start":{"line":39,"column":0},"end":{"line":39,"column":0}},"39":{"start":{"line":40,"column":0},"end":{"line":40,"column":43}},"40":{"start":{"line":41,"column":0},"end":{"line":41,"column":45}},"41":{"start":{"line":42,"column":0},"end":{"line":42,"column":58}},"42":{"start":{"line":43,"column":0},"end":{"line":43,"column":0}},"43":{"start":{"line":44,"column":0},"end":{"line":44,"column":49}},"44":{"start":{"line":45,"column":0},"end":{"line":45,"column":21}},"45":{"start":{"line":46,"column":0},"end":{"line":46,"column":58}},"46":{"start":{"line":47,"column":0},"end":{"line":47,"column":61}},"47":{"start":{"line":48,"column":0},"end":{"line":48,"column":21}},"48":{"start":{"line":49,"column":0},"end":{"line":49,"column":29}},"49":{"start":{"line":50,"column":0},"end":{"line":50,"column":59}},"50":{"start":{"line":51,"column":0},"end":{"line":51,"column":0}},"51":{"start":{"line":52,"column":0},"end":{"line":52,"column":33}},"52":{"start":{"line":53,"column":0},"end":{"line":53,"column":33}},"53":{"start":{"line":54,"column":0},"end":{"line":54,"column":32}},"54":{"start":{"line":55,"column":0},"end":{"line":55,"column":139}},"55":{"start":{"line":56,"column":0},"end":{"line":56,"column":22}},"56":{"start":{"line":57,"column":0},"end":{"line":57,"column":17}},"57":{"start":{"line":58,"column":0},"end":{"line":58,"column":13}},"58":{"start":{"line":59,"column":0},"end":{"line":59,"column":9}},"59":{"start":{"line":60,"column":0},"end":{"line":60,"column":0}},"60":{"start":{"line":61,"column":0},"end":{"line":61,"column":20}},"61":{"start":{"line":62,"column":0},"end":{"line":62,"column":5}},"62":{"start":{"line":63,"column":0},"end":{"line":63,"column":0}},"63":{"start":{"line":64,"column":0},"end":{"line":64,"column":91}},"64":{"start":{"line":65,"column":0},"end":{"line":65,"column":33}},"65":{"start":{"line":66,"column":0},"end":{"line":66,"column":33}},"66":{"start":{"line":67,"column":0},"end":{"line":67,"column":25}},"67":{"start":{"line":68,"column":0},"end":{"line":68,"column":13}},"68":{"start":{"line":69,"column":0},"end":{"line":69,"column":0}},"69":{"start":{"line":70,"column":0},"end":{"line":70,"column":36}},"70":{"start":{"line":71,"column":0},"end":{"line":71,"column":38}},"71":{"start":{"line":72,"column":0},"end":{"line":72,"column":42}},"72":{"start":{"line":73,"column":0},"end":{"line":73,"column":47}},"73":{"start":{"line":74,"column":0},"end":{"line":74,"column":13}},"74":{"start":{"line":75,"column":0},"end":{"line":75,"column":9}},"75":{"start":{"line":76,"column":0},"end":{"line":76,"column":5}},"76":{"start":{"line":77,"column":0},"end":{"line":77,"column":0}},"77":{"start":{"line":78,"column":0},"end":{"line":78,"column":87}},"78":{"start":{"line":79,"column":0},"end":{"line":79,"column":33}},"79":{"start":{"line":80,"column":0},"end":{"line":80,"column":36}},"80":{"start":{"line":81,"column":0},"end":{"line":81,"column":33}},"81":{"start":{"line":82,"column":0},"end":{"line":82,"column":20}},"82":{"start":{"line":83,"column":0},"end":{"line":83,"column":42}},"83":{"start":{"line":84,"column":0},"end":{"line":84,"column":66}},"84":{"start":{"line":85,"column":0},"end":{"line":85,"column":43}},"85":{"start":{"line":86,"column":0},"end":{"line":86,"column":34}},"86":{"start":{"line":87,"column":0},"end":{"line":87,"column":17}},"87":{"start":{"line":88,"column":0},"end":{"line":88,"column":13}},"88":{"start":{"line":89,"column":0},"end":{"line":89,"column":9}},"89":{"start":{"line":90,"column":0},"end":{"line":90,"column":25}},"90":{"start":{"line":91,"column":0},"end":{"line":91,"column":5}},"91":{"start":{"line":92,"column":0},"end":{"line":92,"column":0}},"92":{"start":{"line":93,"column":0},"end":{"line":93,"column":93}},"93":{"start":{"line":94,"column":0},"end":{"line":94,"column":40}},"94":{"start":{"line":95,"column":0},"end":{"line":95,"column":0}},"95":{"start":{"line":96,"column":0},"end":{"line":96,"column":34}},"96":{"start":{"line":97,"column":0},"end":{"line":97,"column":46}},"97":{"start":{"line":98,"column":0},"end":{"line":98,"column":0}},"98":{"start":{"line":99,"column":0},"end":{"line":99,"column":56}},"99":{"start":{"line":100,"column":0},"end":{"line":100,"column":46}},"100":{"start":{"line":101,"column":0},"end":{"line":101,"column":13}},"101":{"start":{"line":102,"column":0},"end":{"line":102,"column":0}},"102":{"start":{"line":103,"column":0},"end":{"line":103,"column":44}},"103":{"start":{"line":104,"column":0},"end":{"line":104,"column":58}},"104":{"start":{"line":105,"column":0},"end":{"line":105,"column":49}},"105":{"start":{"line":106,"column":0},"end":{"line":106,"column":17}},"106":{"start":{"line":107,"column":0},"end":{"line":107,"column":13}},"107":{"start":{"line":108,"column":0},"end":{"line":108,"column":9}},"108":{"start":{"line":109,"column":0},"end":{"line":109,"column":0}},"109":{"start":{"line":110,"column":0},"end":{"line":110,"column":15}},"110":{"start":{"line":111,"column":0},"end":{"line":111,"column":5}},"111":{"start":{"line":112,"column":0},"end":{"line":112,"column":1}}},"s":{"0":1,"1":1,"2":1,"3":1,"4":1,"5":1,"6":2,"7":2,"8":1,"9":1,"10":3,"11":3,"12":1,"13":1,"14":2,"15":2,"16":1,"17":1,"18":1,"19":1,"20":1,"21":1,"22":1,"23":1,"24":1,"25":1,"26":1,"27":1,"28":1,"29":2,"30":2,"31":2,"32":2,"33":2,"34":2,"35":1,"36":1,"37":2,"38":1,"39":1,"40":2,"41":2,"42":2,"43":2,"44":1,"45":1,"46":1,"47":1,"48":1,"49":0,"50":0,"51":0,"52":0,"53":0,"54":0,"55":0,"56":0,"57":1,"58":2,"59":1,"60":1,"61":1,"62":1,"63":1,"64":0,"65":0,"66":0,"67":0,"68":0,"69":0,"70":0,"71":0,"72":0,"73":0,"74":0,"75":0,"76":1,"77":1,"78":2,"79":2,"80":1,"81":1,"82":1,"83":1,"84":1,"85":1,"86":1,"87":1,"88":2,"89":0,"90":0,"91":1,"92":1,"93":0,"94":0,"95":0,"96":0,"97":0,"98":0,"99":0,"100":0,"101":0,"102":0,"103":0,"104":0,"105":0,"106":0,"107":0,"108":0,"109":0,"110":0,"111":1},"branchMap":{"0":{"type":"branch","line":6,"loc":{"start":{"line":6,"column":18},"end":{"line":8,"column":5}},"locations":[{"start":{"line":6,"column":18},"end":{"line":8,"column":5}}]},"1":{"type":"branch","line":10,"loc":{"start":{"line":10,"column":18},"end":{"line":12,"column":5}},"locations":[{"start":{"line":10,"column":18},"end":{"line":12,"column":5}}]},"2":{"type":"branch","line":11,"loc":{"start":{"line":11,"column":26},"end":{"line":11,"column":49}},"locations":[{"start":{"line":11,"column":26},"end":{"line":11,"column":49}}]},"3":{"type":"branch","line":14,"loc":{"start":{"line":14,"column":18},"end":{"line":16,"column":5}},"locations":[{"start":{"line":14,"column":18},"end":{"line":16,"column":5}}]},"4":{"type":"branch","line":15,"loc":{"start":{"line":15,"column":24},"end":{"line":15,"column":47}},"locations":[{"start":{"line":15,"column":24},"end":{"line":15,"column":47}}]},"5":{"type":"branch","line":18,"loc":{"start":{"line":18,"column":18},"end":{"line":23,"column":5}},"locations":[{"start":{"line":18,"column":18},"end":{"line":23,"column":5}}]},"6":{"type":"branch","line":25,"loc":{"start":{"line":25,"column":18},"end":{"line":62,"column":5}},"locations":[{"start":{"line":25,"column":18},"end":{"line":62,"column":5}}]},"7":{"type":"branch","line":29,"loc":{"start":{"line":29,"column":40},"end":{"line":38,"column":9}},"locations":[{"start":{"line":29,"column":40},"end":{"line":38,"column":9}}]},"8":{"type":"branch","line":35,"loc":{"start":{"line":35,"column":47},"end":{"line":37,"column":13}},"locations":[{"start":{"line":35,"column":47},"end":{"line":37,"column":13}}]},"9":{"type":"branch","line":40,"loc":{"start":{"line":40,"column":42},"end":{"line":59,"column":9}},"locations":[{"start":{"line":40,"column":42},"end":{"line":59,"column":9}}]},"10":{"type":"branch","line":44,"loc":{"start":{"line":44,"column":48},"end":{"line":58,"column":13}},"locations":[{"start":{"line":44,"column":48},"end":{"line":58,"column":13}}]},"11":{"type":"branch","line":49,"loc":{"start":{"line":49,"column":18},"end":{"line":57,"column":17}},"locations":[{"start":{"line":49,"column":18},"end":{"line":57,"column":17}}]},"12":{"type":"branch","line":78,"loc":{"start":{"line":78,"column":18},"end":{"line":91,"column":5}},"locations":[{"start":{"line":78,"column":18},"end":{"line":91,"column":5}}]},"13":{"type":"branch","line":80,"loc":{"start":{"line":80,"column":35},"end":{"line":88,"column":13}},"locations":[{"start":{"line":80,"column":35},"end":{"line":88,"column":13}}]},"14":{"type":"branch","line":90,"loc":{"start":{"line":90,"column":-1},"end":{"line":91,"column":5}},"locations":[{"start":{"line":90,"column":-1},"end":{"line":91,"column":5}}]}},"b":{"0":[2],"1":[3],"2":[2],"3":[2],"4":[1],"5":[1],"6":[1],"7":[2],"8":[1],"9":[2],"10":[1],"11":[0],"12":[2],"13":[1],"14":[0]},"fnMap":{"0":{"name":"setDataNode","decl":{"start":{"line":6,"column":18},"end":{"line":8,"column":5}},"loc":{"start":{"line":6,"column":18},"end":{"line":8,"column":5}},"line":6},"1":{"name":"isChild","decl":{"start":{"line":10,"column":18},"end":{"line":12,"column":5}},"loc":{"start":{"line":10,"column":18},"end":{"line":12,"column":5}},"line":10},"2":{"name":"isRoot","decl":{"start":{"line":14,"column":18},"end":{"line":16,"column":5}},"loc":{"start":{"line":14,"column":18},"end":{"line":16,"column":5}},"line":14},"3":{"name":"exists","decl":{"start":{"line":18,"column":18},"end":{"line":23,"column":5}},"loc":{"start":{"line":18,"column":18},"end":{"line":23,"column":5}},"line":18},"4":{"name":"build","decl":{"start":{"line":25,"column":18},"end":{"line":62,"column":5}},"loc":{"start":{"line":25,"column":18},"end":{"line":62,"column":5}},"line":25},"5":{"name":"traverse","decl":{"start":{"line":64,"column":18},"end":{"line":76,"column":5}},"loc":{"start":{"line":64,"column":18},"end":{"line":76,"column":5}},"line":64},"6":{"name":"findByKey","decl":{"start":{"line":78,"column":18},"end":{"line":91,"column":5}},"loc":{"start":{"line":78,"column":18},"end":{"line":91,"column":5}},"line":78},"7":{"name":"findByKeyQueued","decl":{"start":{"line":93,"column":18},"end":{"line":111,"column":5}},"loc":{"start":{"line":93,"column":18},"end":{"line":111,"column":5}},"line":93}},"f":{"0":2,"1":3,"2":2,"3":1,"4":1,"5":0,"6":2,"7":0}}
}
