TN:
SF:util/tree.ts
FN:6,setDataNode
FN:10,isChild
FN:14,isRoot
FN:18,exists
FN:25,build
FN:64,traverse
FN:78,findByKey
FN:93,findByKeyQueued
FNF:8
FNH:6
FNDA:2,setDataNode
FNDA:3,isChild
FNDA:2,isRoot
FNDA:1,exists
FNDA:1,build
FNDA:0,traverse
FNDA:2,findByKey
FNDA:0,findByKeyQueued
DA:1,1
DA:2,1
DA:3,1
DA:4,1
DA:5,1
DA:6,1
DA:7,2
DA:8,2
DA:9,1
DA:10,1
DA:11,3
DA:12,3
DA:13,1
DA:14,1
DA:15,2
DA:16,2
DA:17,1
DA:18,1
DA:19,1
DA:20,1
DA:21,1
DA:22,1
DA:23,1
DA:24,1
DA:25,1
DA:26,1
DA:27,1
DA:28,1
DA:29,1
DA:30,2
DA:31,2
DA:32,2
DA:33,2
DA:34,2
DA:35,2
DA:36,1
DA:37,1
DA:38,2
DA:39,1
DA:40,1
DA:41,2
DA:42,2
DA:43,2
DA:44,2
DA:45,1
DA:46,1
DA:47,1
DA:48,1
DA:49,1
DA:50,0
DA:51,0
DA:52,0
DA:53,0
DA:54,0
DA:55,0
DA:56,0
DA:57,0
DA:58,1
DA:59,2
DA:60,1
DA:61,1
DA:62,1
DA:63,1
DA:64,1
DA:65,0
DA:66,0
DA:67,0
DA:68,0
DA:69,0
DA:70,0
DA:71,0
DA:72,0
DA:73,0
DA:74,0
DA:75,0
DA:76,0
DA:77,1
DA:78,1
DA:79,2
DA:80,2
DA:81,1
DA:82,1
DA:83,1
DA:84,1
DA:85,1
DA:86,1
DA:87,1
DA:88,1
DA:89,2
DA:90,0
DA:91,0
DA:92,1
DA:93,1
DA:94,0
DA:95,0
DA:96,0
DA:97,0
DA:98,0
DA:99,0
DA:100,0
DA:101,0
DA:102,0
DA:103,0
DA:104,0
DA:105,0
DA:106,0
DA:107,0
DA:108,0
DA:109,0
DA:110,0
DA:111,0
DA:112,1
LF:112
LH:72
BRDA:6,0,0,2
BRDA:10,1,0,3
BRDA:11,2,0,2
BRDA:14,3,0,2
BRDA:15,4,0,1
BRDA:18,5,0,1
BRDA:25,6,0,1
BRDA:29,7,0,2
BRDA:35,8,0,1
BRDA:40,9,0,2
BRDA:44,10,0,1
BRDA:49,11,0,0
BRDA:78,12,0,2
BRDA:80,13,0,1
BRDA:90,14,0,0
BRF:15
BRH:13
end_of_record
